********************************************************************************
   General Structure Analysis System-II Crystal Structure Refinement
              by Robert B. Von Dreele & Brian H. Toby
                Argonne National Laboratory(C), 2010
 This product includes software developed by the UChicago Argonne, LLC,
            as Operator of Argonne National Laboratory.
                          Please cite:
   B.H. Toby & R.B. Von Dreele, J. Appl. Cryst. 46, 544-549 (2013)
********************************************************************************
 Least squares controls:
 Refinement type: analytic Hessian
 Maximum number of cycles: 0
 Regularize hydrogens (if any): False
 Initial shift factor: 1.000

 Phases:

 Phase name: ZnO.cif
=======================================================================================================================================

 X-ray scattering factors:
   Symbol     fa                                      fb                                      fc
---------------------------------------------------------------------------------------------------
 Zn        14.07430   7.03180   5.16520   2.41000   3.26550   0.23330  10.31630  58.70970   1.30410
 O          3.04850   2.28680   1.54630   0.86700  13.27710   5.70110   0.32390  32.90890   0.25080

 Electron scattering factors:
   Symbol     fa                                                fb
---------------------------------------------------------------------------------------------------
 Zn         0.17800   0.80960   1.67440   1.94990   1.44950   0.08760   0.86500   3.86120  18.87260  64.70160
 O          0.03650   0.17290   0.58050   0.88140   0.31210   0.06520   0.61840   2.94490   9.62980  28.21940

 Neutron scattering factors:
   Symbol   isotope       mass       b       resonant terms
---------------------------------------------------------------------------------------------------
 Zn      Nat. Abund.     65.380    0.568
 O       Nat. Abund.     15.999    0.581

 Space Group: P 63 m c
 The lattice is noncentrosymmetric primitive hexagonal
 The Laue symmetry is 6/mmm
 The lattice point group is 6mm
 Multiplicity of a general site is 12
 The location of the origin is arbitrary in z
 
 The equivalent positions are:

 ( 1)     X,     Y,     Z 
 ( 2)   X-Y,     X, 1/2+Z 
 ( 3)    -Y,   X-Y,     Z 
 ( 4)    -X,    -Y, 1/2+Z 
 ( 5)   Y-X,    -X,     Z 
 ( 6)     Y,   Y-X, 1/2+Z 
 ( 7)   Y-X,     Y,     Z 
 ( 8)    -X,   Y-X, 1/2+Z 
 ( 9)    -Y,    -X,     Z 
 (10)   X-Y,    -Y, 1/2+Z 
 (11)     X,   X-Y,     Z 
 (12)     Y,     X, 1/2+Z 

 Atoms:
   name    type  refine?   x         y         z      frac site sym  mult I/A   Uiso     U11     U22     U33     U12     U13     U23
---------------------------------------------------------------------------------------------------------------------------------------
     Zn     Zn          0.33333   0.66667   0.00000   1.0003m(100)    2    I 0.01000                                                
      O      O          0.33333   0.66667   0.34500   1.0003m(100)    2    I 0.01000                                                

 Unit cell: a = 3.24950 b = 3.24950 c = 5.20690 alpha = 90.000 beta = 90.000 gamma = 120.000 volume = 47.615 Refine? False

 Phase name: Al2O3.cif
=======================================================================================================================================

 X-ray scattering factors:
   Symbol     fa                                      fb                                      fc
---------------------------------------------------------------------------------------------------
 Al+3       4.17448   3.38760   1.20296   0.52814   1.93816   4.14553   0.22875   8.28524   0.70679
 O-2        3.76936   2.53342   1.91579   1.55094  15.07970   6.30430  40.34450   0.31291   0.22789

 Electron scattering factors:
   Symbol     fa                                                fb
---------------------------------------------------------------------------------------------------

 Neutron scattering factors:
   Symbol   isotope       mass       b       resonant terms
---------------------------------------------------------------------------------------------------
 Al+3    Nat. Abund.     26.982    0.345
 O-2     Nat. Abund.     15.999    0.581

 Space Group: R -3 c
 The lattice is centrosymmetric R-centered trigonal
 The Laue symmetry is 3m1
 The lattice point group is -3m
 Multiplicity of a general site is 36
 The inversion center is located at 0,0,0
 
 The equivalent positions are:

 (0,0,0; 2/3,1/3,1/3; 1/3,2/3,2/3)+

 ( 1)     X,     Y,     Z 
 ( 2)    -Y,   X-Y,     Z 
 ( 3)   Y-X,    -X,     Z 
 ( 4)   Y-X,     Y, 1/2+Z 
 ( 5)    -Y,    -X, 1/2+Z 
 ( 6)     X,   X-Y, 1/2+Z 

 Atoms:
   name    type  refine?   x         y         z      frac site sym  mult I/A   Uiso     U11     U22     U33     U12     U13     U23
---------------------------------------------------------------------------------------------------------------------------------------
    Al1   Al+3          0.00000   0.00000   0.35216   1.000      3   12    A         0.00220 0.00220 0.00120 0.00110 0.00000 0.00000
     O1    O-2          0.30668   0.00000   0.25000   1.000 2(100)   18    A         0.00210 0.00340 0.00190 0.00170 0.00035 0.00070

 Unit cell: a = 4.76050 b = 4.76050 c = 12.99560 alpha = 90.000 beta = 90.000 gamma = 120.000 volume = 255.054 Refine? False

 Phase name: CaF2.cif
=======================================================================================================================================

 X-ray scattering factors:
   Symbol     fa                                      fb                                      fc
---------------------------------------------------------------------------------------------------
 Ca+2      15.63480   7.95180   8.43720   0.85370  -0.00740   0.60890  10.31160  25.99050 -14.87500
 F-1        3.63220   3.51057   1.26064   0.94071   5.27756  14.73530   0.44226  47.34370   0.65340

 Electron scattering factors:
   Symbol     fa                                                fb
---------------------------------------------------------------------------------------------------

 Neutron scattering factors:
   Symbol   isotope       mass       b       resonant terms
---------------------------------------------------------------------------------------------------
 Ca+2    Nat. Abund.     40.080    0.470
 F-1     Nat. Abund.     18.998    0.565

 Space Group: F m -3 m
 The lattice is centrosymmetric F-centered cubic
 The Laue symmetry is m3m
 The lattice point group is m3m
 Multiplicity of a general site is 192
 The inversion center is located at 0,0,0
 
 The equivalent positions are:

 (0,0,0; 0,1/2,1/2; 1/2,0,1/2; 1/2,1/2,0)+

 ( 1)     X,     Y,     Z 
 ( 2)     Z,     X,     Y 
 ( 3)     Y,     Z,     X 
 ( 4)     X,     Y,    -Z 
 ( 5)    -Z,     X,     Y 
 ( 6)     Y,    -Z,     X 
 ( 7)    -Z,     X,    -Y 
 ( 8)    -Y,    -Z,     X 
 ( 9)     Y,    -Z,    -X 
 (10)    -X,     Y,    -Z 
 (11)    -Z,    -X,     Y 
 (12)     X,    -Y,    -Z 
 (13)     Y,     X,     Z 
 (14)     Z,     Y,     X 
 (15)     X,     Z,     Y 
 (16)     Y,     X,    -Z 
 (17)    -Z,     Y,     X 
 (18)     X,    -Z,     Y 
 (19)    -Z,     Y,    -X 
 (20)    -X,    -Z,     Y 
 (21)     X,    -Z,    -Y 
 (22)    -Y,     X,    -Z 
 (23)    -Z,    -Y,     X 
 (24)     Y,    -X,    -Z 

 Atoms:
   name    type  refine?   x         y         z      frac site sym  mult I/A   Uiso     U11     U22     U33     U12     U13     U23
---------------------------------------------------------------------------------------------------------------------------------------
    Ca1   Ca+2          0.00000   0.00000   0.00000   1.000    m3m    4    I 0.01000                                                
     F1    F-1          0.25000   0.25000   0.25000   1.000   -43m    8    I 0.01000                                                

 Unit cell: a = 5.46250 b = 5.46250 c = 5.46250 alpha = 90.000 beta = 90.000 gamma = 90.000 volume = 162.995 Refine? False

 Phase: ZnO.cif in histogram: PWDR cpd-1h.prn
=======================================================================================================================================
 Phase fraction  :          1 Refine? False
 Extinction coeff:     0.0000 Refine? False
 March-Dollase PO:     1.0000 Refine? False Axis: 0 0 1

 Size model    : isotropic equatorial:       1.000 Refine? False
	 LG mixing coeff.:       1.0000 Refine? False

 Mustrain model: isotropic equatorial:      1000.0 Refine? False
	 LG mixing coeff.:      1.0000 Refine? False

 Hydrostatic/elastic strain:
 names :         D11         D33
 values:           0           0
 refine:       False       False

 Phase: ZnO.cif in histogram: PWDR hist_all
=======================================================================================================================================
 Phase fraction  :          1 Refine? False
 Extinction coeff:     0.0000 Refine? False
 March-Dollase PO:     1.0000 Refine? False Axis: 0 0 1

 Size model    : isotropic equatorial:       1.000 Refine? False
	 LG mixing coeff.:       1.0000 Refine? False

 Mustrain model: isotropic equatorial:      1000.0 Refine? False
	 LG mixing coeff.:      1.0000 Refine? False

 Hydrostatic/elastic strain:
 names :         D11         D33
 values:           0           0
 refine:       False       False

 Phase: ZnO.cif in histogram: PWDR hist_zno
=======================================================================================================================================
 Phase fraction  :          1 Refine? False
 Extinction coeff:     0.0000 Refine? False
 March-Dollase PO:     1.0000 Refine? False Axis: 0 0 1

 Size model    : isotropic equatorial:       1.000 Refine? False
	 LG mixing coeff.:       1.0000 Refine? False

 Mustrain model: isotropic equatorial:      1000.0 Refine? False
	 LG mixing coeff.:      1.0000 Refine? False

 Hydrostatic/elastic strain:
 names :         D11         D33
 values:           0           0
 refine:       False       False

 Phase: Al2O3.cif in histogram: PWDR cpd-1h.prn
=======================================================================================================================================
 Phase fraction  :          1 Refine? False
 Extinction coeff:     0.0000 Refine? False
 March-Dollase PO:     1.0000 Refine? False Axis: 0 0 1

 Size model    : isotropic equatorial:       1.000 Refine? False
	 LG mixing coeff.:       1.0000 Refine? False

 Mustrain model: isotropic equatorial:      1000.0 Refine? False
	 LG mixing coeff.:      1.0000 Refine? False

 Hydrostatic/elastic strain:
 names :         D11         D33
 values:           0           0
 refine:       False       False

 Phase: Al2O3.cif in histogram: PWDR hist_al2o3
=======================================================================================================================================
 Phase fraction  :          1 Refine? False
 Extinction coeff:     0.0000 Refine? False
 March-Dollase PO:     1.0000 Refine? False Axis: 0 0 1

 Size model    : isotropic equatorial:       1.000 Refine? False
	 LG mixing coeff.:       1.0000 Refine? False

 Mustrain model: isotropic equatorial:      1000.0 Refine? False
	 LG mixing coeff.:      1.0000 Refine? False

 Hydrostatic/elastic strain:
 names :         D11         D33
 values:           0           0
 refine:       False       False

 Phase: Al2O3.cif in histogram: PWDR hist_all
=======================================================================================================================================
 Phase fraction  :          1 Refine? False
 Extinction coeff:     0.0000 Refine? False
 March-Dollase PO:     1.0000 Refine? False Axis: 0 0 1

 Size model    : isotropic equatorial:       1.000 Refine? False
	 LG mixing coeff.:       1.0000 Refine? False

 Mustrain model: isotropic equatorial:      1000.0 Refine? False
	 LG mixing coeff.:      1.0000 Refine? False

 Hydrostatic/elastic strain:
 names :         D11         D33
 values:           0           0
 refine:       False       False

 Phase: CaF2.cif in histogram: PWDR cpd-1h.prn
=======================================================================================================================================
 Phase fraction  :          1 Refine? False
 Extinction coeff:     0.0000 Refine? False
 March-Dollase PO:     1.0000 Refine? False Axis: 0 0 1

 Size model    : isotropic equatorial:       1.000 Refine? False
	 LG mixing coeff.:       1.0000 Refine? False

 Mustrain model: isotropic equatorial:      1000.0 Refine? False
	 LG mixing coeff.:      1.0000 Refine? False

 Hydrostatic/elastic strain:
 names :         D11          eA
 values:           0           0
 refine:       False       False

 Phase: CaF2.cif in histogram: PWDR hist_all
=======================================================================================================================================
 Phase fraction  :          1 Refine? False
 Extinction coeff:     0.0000 Refine? False
 March-Dollase PO:     1.0000 Refine? False Axis: 0 0 1

 Size model    : isotropic equatorial:       1.000 Refine? False
	 LG mixing coeff.:       1.0000 Refine? False

 Mustrain model: isotropic equatorial:      1000.0 Refine? False
	 LG mixing coeff.:      1.0000 Refine? False

 Hydrostatic/elastic strain:
 names :         D11          eA
 values:           0           0
 refine:       False       False

 Phase: CaF2.cif in histogram: PWDR hist_caf2
=======================================================================================================================================
 Phase fraction  :          1 Refine? False
 Extinction coeff:     0.0000 Refine? False
 March-Dollase PO:     1.0000 Refine? False Axis: 0 0 1

 Size model    : isotropic equatorial:       1.000 Refine? False
	 LG mixing coeff.:       1.0000 Refine? False

 Mustrain model: isotropic equatorial:      1000.0 Refine? False
	 LG mixing coeff.:      1.0000 Refine? False

 Hydrostatic/elastic strain:
 names :         D11          eA
 values:           0           0
 refine:       False       False

 Histogram: PWDR cpd-1h.prn histogram Id: 4
=======================================================================================================================================
 Instrument type: Bragg-Brentano
 Histogram limits:    10.00 deg to    20.00 deg

 Sample Parameters:
 Goniometer omega = 0.00, chi = 0.00, phi = 0.00
 name  :         Scale         Shift  Transparency    SurfRoughA    SurfRoughB
 value :        1.0000        0.0000        0.0000        0.0000        0.0000
 refine:          True         False         False         False         False

 Instrument Parameters:
 name  :     Azimuth I(L2)/I(L1)        Lam1        Lam2    Polariz.        SH/L
 value :    0.000000    0.500000    1.540510    1.544330    0.700000    0.002000
 refine:                   False                               False       False

 name  :           U           V           W           X           Y           Z        Zero
 value :    2.000000   -2.000000    5.000000    0.000000    0.000000    0.000000    0.000000
 refine:       False       False       False       False       False       False       False

 Background function: chebyschev-1 Refine? True
 Coefficients:      1.000     0.000     0.000
 Fixed background file: ; mult: 1.000  Refine? False

 Histogram: PWDR hist_al2o3 histogram Id: 2
=======================================================================================================================================
 Instrument type: Bragg-Brentano
 Histogram limits:    10.00 deg to    20.00 deg

 Sample Parameters:
 Goniometer omega = 0.00, chi = 0.00, phi = 0.00
 name  :         Scale         Shift  Transparency    SurfRoughA    SurfRoughB
 value :        1.0000        0.0000        0.0000        0.0000        0.0000
 refine:          True         False         False         False         False

 Instrument Parameters:
 name  :     Azimuth I(L2)/I(L1)        Lam1        Lam2    Polariz.        SH/L
 value :    0.000000    0.500000    1.540510    1.544330    0.700000    0.002000
 refine:                   False                               False       False

 name  :           U           V           W           X           Y           Z        Zero
 value :    2.000000   -2.000000    5.000000    0.000000    0.000000    0.000000    0.000000
 refine:       False       False       False       False       False       False       False

 Background function: chebyschev-1 Refine? True
 Coefficients:      1.000     0.000     0.000
 Fixed background file: ; mult: 1.000  Refine? False

 Histogram: PWDR hist_all histogram Id: 3
=======================================================================================================================================
 Instrument type: Bragg-Brentano
 Histogram limits:    10.00 deg to    20.00 deg

 Sample Parameters:
 Goniometer omega = 0.00, chi = 0.00, phi = 0.00
 name  :         Scale         Shift  Transparency    SurfRoughA    SurfRoughB
 value :        1.0000        0.0000        0.0000        0.0000        0.0000
 refine:          True         False         False         False         False

 Instrument Parameters:
 name  :     Azimuth I(L2)/I(L1)        Lam1        Lam2    Polariz.        SH/L
 value :    0.000000    0.500000    1.540510    1.544330    0.700000    0.002000
 refine:                   False                               False       False

 name  :           U           V           W           X           Y           Z        Zero
 value :    2.000000   -2.000000    5.000000    0.000000    0.000000    0.000000    0.000000
 refine:       False       False       False       False       False       False       False

 Background function: chebyschev-1 Refine? True
 Coefficients:      1.000     0.000     0.000
 Fixed background file: ; mult: 1.000  Refine? False

 Histogram: PWDR hist_caf2 histogram Id: 1
=======================================================================================================================================
 Instrument type: Bragg-Brentano
 Histogram limits:    10.00 deg to    20.00 deg

 Sample Parameters:
 Goniometer omega = 0.00, chi = 0.00, phi = 0.00
 name  :         Scale         Shift  Transparency    SurfRoughA    SurfRoughB
 value :        1.0000        0.0000        0.0000        0.0000        0.0000
 refine:          True         False         False         False         False

 Instrument Parameters:
 name  :     Azimuth I(L2)/I(L1)        Lam1        Lam2    Polariz.        SH/L
 value :    0.000000    0.500000    1.540510    1.544330    0.700000    0.002000
 refine:                   False                               False       False

 name  :           U           V           W           X           Y           Z        Zero
 value :    2.000000   -2.000000    5.000000    0.000000    0.000000    0.000000    0.000000
 refine:       False       False       False       False       False       False       False

 Background function: chebyschev-1 Refine? True
 Coefficients:      1.000     0.000     0.000
 Fixed background file: ; mult: 1.000  Refine? False

 Histogram: PWDR hist_zno histogram Id: 0
=======================================================================================================================================
 Instrument type: Bragg-Brentano
 Histogram limits:    10.00 deg to    20.00 deg

 Sample Parameters:
 Goniometer omega = 0.00, chi = 0.00, phi = 0.00
 name  :         Scale         Shift  Transparency    SurfRoughA    SurfRoughB
 value :        1.0000        0.0000        0.0000        0.0000        0.0000
 refine:          True         False         False         False         False

 Instrument Parameters:
 name  :     Azimuth I(L2)/I(L1)        Lam1        Lam2    Polariz.        SH/L
 value :    0.000000    0.500000    1.540510    1.544330    0.700000    0.002000
 refine:                   False                               False       False

 name  :           U           V           W           X           Y           Z        Zero
 value :    2.000000   -2.000000    5.000000    0.000000    0.000000    0.000000    0.000000
 refine:       False       False       False       False       False       False       False

 Background function: chebyschev-1 Refine? True
 Coefficients:      1.000     0.000     0.000
 Fixed background file: ; mult: 1.000  Refine? False

 Refinement results:
---------------------------------------------------------------------------------------------------------------------------------------
